<?xml version="1.0" encoding="UTF-8"?>
<!-- Generated by org.testng.reporters.JUnitReportReporter -->
<testsuite hostname="HP" failures="0" tests="2" name="factorial_site_testing.BaseClass" time="66.760" errors="0" timestamp="2025-06-11T12:30:11 IST" skipped="0">
  <testcase classname="factorial_site_testing.BaseClass" name="test1" time="47.536"/>
  <testcase classname="factorial_site_testing.BaseClass" name="test1" time="19.224"/>
</testsuite> <!-- factorial_site_testing.BaseClass -->
