<?xml version="1.0" encoding="UTF-8"?>
<!-- Generated by org.testng.reporters.JUnitReportReporter -->
<testsuite hostname="HP" failures="0" tests="2" name="factorial_site_testing.AboutPageLinksCountTest" time="2.213" errors="0" timestamp="2025-07-12T13:39:09 IST" skipped="0">
  <testcase classname="factorial_site_testing.AboutPageLinksCountTest" name="checkAboutPageLinks" time="1.080"/>
  <testcase classname="factorial_site_testing.AboutPageLinksCountTest" name="checkAboutPageLinks" time="1.133"/>
</testsuite> <!-- factorial_site_testing.AboutPageLinksCountTest -->
