<?xml version="1.0" encoding="UTF-8"?>
<!-- Generated by org.testng.reporters.JUnitReportReporter -->
<testsuite hostname="HP" failures="0" tests="2" name="factorial_site_testing.BugValidationTest" time="15.245" errors="0" timestamp="2025-07-12T13:39:09 IST" skipped="0">
  <testcase classname="factorial_site_testing.BugValidationTest" name="privacyLinkShouldNotRedirectToTermsURL" time="7.707"/>
  <testcase classname="factorial_site_testing.BugValidationTest" name="privacyLinkShouldNotRedirectToTermsURL" time="7.538"/>
</testsuite> <!-- factorial_site_testing.BugValidationTest -->
