<?xml version="1.0" encoding="UTF-8"?>
<!-- Generated by org.testng.reporters.JUnitReportReporter -->
<testsuite hostname="HP" failures="0" tests="7" name="factorial_site_testing.FactorialDataProviderTest" time="5.473" errors="0" timestamp="2025-07-12T22:36:13 IST" skipped="0">
  <testcase classname="factorial_site_testing.FactorialDataProviderTest" name="verifyFactorial" time="0.800"/>
  <testcase classname="factorial_site_testing.FactorialDataProviderTest" name="verifyFactorial" time="0.754"/>
  <testcase classname="factorial_site_testing.FactorialDataProviderTest" name="verifyFactorial" time="0.860"/>
  <testcase classname="factorial_site_testing.FactorialDataProviderTest" name="verifyFactorial" time="0.739"/>
  <testcase classname="factorial_site_testing.FactorialDataProviderTest" name="verifyFactorial" time="0.780"/>
  <testcase classname="factorial_site_testing.FactorialDataProviderTest" name="verifyFactorial" time="0.789"/>
  <testcase classname="factorial_site_testing.FactorialDataProviderTest" name="verifyFactorial" time="0.751"/>
</testsuite> <!-- factorial_site_testing.FactorialDataProviderTest -->
