<?xml version="1.0" encoding="UTF-8"?>
<!-- Generated by org.testng.reporters.JUnitReportReporter -->
<testsuite hostname="HP" failures="0" tests="1" name="factorial_site_testing.PlaceholderTextTest" time="0.064" errors="0" timestamp="2025-07-12T22:36:13 IST" skipped="0">
  <testcase classname="factorial_site_testing.PlaceholderTextTest" name="checkPlaceholderTitleURL" time="0.064"/>
</testsuite> <!-- factorial_site_testing.PlaceholderTextTest -->
