<?xml version="1.0" encoding="UTF-8"?>
<!-- Generated by org.testng.reporters.JUnitReportReporter -->
<testsuite hostname="HP" failures="0" tests="1" name="factorial_site_testing.BugValidationTest" time="7.531" errors="0" timestamp="2025-07-12T22:36:13 IST" skipped="0">
  <testcase classname="factorial_site_testing.BugValidationTest" name="privacyLinkShouldNotRedirectToTermsURL" time="7.531"/>
</testsuite> <!-- factorial_site_testing.BugValidationTest -->
