<?xml version="1.0" encoding="UTF-8"?>
<!-- Generated by org.testng.reporters.JUnitReportReporter -->
<testsuite hostname="HP" failures="0" tests="1" name="factorial_site_testing.AboutPageLinksCountTest" time="1.352" errors="0" timestamp="2025-07-12T22:36:13 IST" skipped="0">
  <testcase classname="factorial_site_testing.AboutPageLinksCountTest" name="checkAboutPageLinks" time="1.352"/>
</testsuite> <!-- factorial_site_testing.AboutPageLinksCountTest -->
